root@DESKTOP-V7HPAEF:~/hey# time ./hey_linux_amd64 -n 10000 -c 200 http://app-lb-1495976883.eu-west-3.elb.amazonaws.com

Summary:
  Total:        31.8284 secs
  Slowest:      3.0726 secs
  Fastest:      0.0131 secs
  Average:      0.6154 secs
  Requests/sec: 314.1847

  Total data:   48180362 bytes
  Size/request: 4819 bytes

Response time histogram:
  0.013 [1]     |
  0.319 [398]   |
  0.625 [5910]  |
  0.931 [3279]  |
  1.237 [190]   |
  1.543 [22]    |
  1.849 [0]     |
  2.155 [15]    |
  2.461 [87]    |
  2.767 [81]    |
  3.073 [15]    |


Latency distribution:
  10% in 0.4069 secs
  25% in 0.4975 secs
  50% in 0.5908 secs
  75% in 0.6619 secs
  90% in 0.7526 secs
  95% in 0.8518 secs
  99% in 2.4518 secs

Details (average, fastest, slowest):
  DNS+dialup:   0.0271 secs, 0.0131 secs, 3.0726 secs
  DNS-lookup:   0.0310 secs, 0.0000 secs, 1.3706 secs
  req write:    0.0000 secs, 0.0000 secs, 0.0066 secs
  resp wait:    0.5475 secs, 0.0122 secs, 1.6030 secs
  resp read:    0.0406 secs, 0.0000 secs, 0.8552 secs

Status code distribution:
  [200] 9998 responses

Error distribution:
  [2]   Get "http://app-lb-1495976883.eu-west-3.elb.amazonaws.com": context deadline exceeded (Client.Timeout exceeded while awaiting headers)


real    0m31.879s
user    0m2.679s
sys     0m3.809s
